<?xml version="1.0" encoding="UTF-8"?>
<!-- Generated by org.testng.reporters.JUnitXMLReporter -->
<testsuite ignored="0" hostname="IBM-PF3183HA" failures="0" tests="10" name="Surefire test" time="17.656" errors="0" timestamp="2023-11-24T11:52:19 IST">
  <testcase classname="api.test.DataDrivenTests" name="testPostUser" time="2.937"/>
  <testcase classname="api.test.DataDrivenTests" name="testPostUser" time="1.233"/>
  <testcase classname="api.test.DataDrivenTests" name="testPostUser" time="1.222"/>
  <testcase classname="api.test.DataDrivenTests" name="testDeleteUserByName" time="1.357"/>
  <testcase classname="api.test.DataDrivenTests" name="testDeleteUserByName" time="1.225"/>
  <testcase classname="api.test.DataDrivenTests" name="testDeleteUserByName" time="1.353"/>
  <testcase classname="api.test.UserTests" name="testPostUser" time="1.434"/>
  <testcase classname="api.test.UserTests" name="testGetUserByName" time="1.289"/>
  <testcase classname="api.test.UserTests" name="testUpdateUserByName" time="2.569"/>
  <testcase classname="api.test.UserTests" name="testDeleteUserByName" time="1.269"/>
</testsuite> <!-- Surefire test -->
