<?xml version="1.0" encoding="UTF-8"?>
<!-- Generated by org.testng.reporters.JUnitXMLReporter -->
<testsuite ignored="0" hostname="IBM-PF3183HA" failures="0" tests="6" name="Default test" time="10.161" errors="0" timestamp="2023-11-23T19:52:05 IST">
  <testcase classname="api.test.DataDrivenTests" name="testPostUser" time="2.756"/>
  <testcase classname="api.test.DataDrivenTests" name="testPostUser" time="1.291"/>
  <testcase classname="api.test.DataDrivenTests" name="testPostUser" time="1.25"/>
  <testcase classname="api.test.DataDrivenTests" name="testDeleteUserByName" time="1.261"/>
  <testcase classname="api.test.DataDrivenTests" name="testDeleteUserByName" time="1.29"/>
  <testcase classname="api.test.DataDrivenTests" name="testDeleteUserByName" time="1.232"/>
</testsuite> <!-- Default test -->
