<?xml version="1.0" encoding="UTF-8"?>
<!-- Generated by org.testng.reporters.JUnitXMLReporter -->
<testsuite ignored="0" hostname="IBM-PF3183HA" failures="0" tests="4" name="PetTests" time="12.782" errors="0" timestamp="2023-11-24T10:20:48 IST">
  <testcase classname="api.test.UserTests" name="testPostUser" time="4.385"/>
  <testcase classname="api.test.UserTests" name="testGetUserByName" time="1.471"/>
  <testcase classname="api.test.UserTests" name="testUpdateUserByName" time="4.487"/>
  <testcase classname="api.test.UserTests" name="testDeleteUserByName" time="1.341"/>
</testsuite> <!-- PetTests -->
